Build started 5/13/2019 4:39:45 AM.
     1>Project "C:\Users\user\Documents\Visual Studio 2012\Projects\zamafirstproject\zamafirstproject\zamafirstproject.vcxproj" on node 2 (Build target(s)).
     1>ClCompile:
         C:\Program Files (x86)\Microsoft Visual Studio 11.0\VC\bin\CL.exe /c /AI"C:\Program Files (x86)\Reference Assemblies\Microsoft\Framework\.NETFramework\v4.5\\" /AI"C:\Program Files (x86)\Windows Kits\8.0\References\CommonConfiguration\Neutral" /AI"C:\Program Files (x86)\Reference Assemblies\Microsoft\Framework\.NETFramework\v4.5\Facades\\" /Zi /clr /nologo /W3 /WX- /O2 /Oy- /D WIN32 /D NDEBUG /D _UNICODE /D UNICODE /EHa /MD /GS /fp:precise /Zc:wchar_t /Zc:forScope /Fo"Release\\" /Fd"Release\vc110.pdb" /TP /FU"C:\Program Files (x86)\Reference Assemblies\Microsoft\Framework\.NETFramework\v4.5\mscorlib.dll" /FU"C:\Program Files (x86)\Reference Assemblies\Microsoft\Framework\.NETFramework\v4.5\System.Data.dll" /FU"C:\Program Files (x86)\Reference Assemblies\Microsoft\Framework\.NETFramework\v4.5\System.dll" /FU"C:\Program Files (x86)\Reference Assemblies\Microsoft\Framework\.NETFramework\v4.5\System.Drawing.dll" /FU"C:\Program Files (x86)\Reference Assemblies\Microsoft\Framework\.NETFramework\v4.5\System.Windows.Forms.DataVisualization.dll" /FU"C:\Program Files (x86)\Reference Assemblies\Microsoft\Framework\.NETFramework\v4.5\System.Windows.Forms.dll" /FU"C:\Program Files (x86)\Reference Assemblies\Microsoft\Framework\.NETFramework\v4.5\System.Xml.dll" /analyze- /errorReport:prompt /clr:nostdlib MyForm.cpp MyForm1.cpp MyForm2.cpp main.cpp
         MyForm.cpp
     1>c:\users\user\documents\visual studio 2012\projects\zamafirstproject\zamafirstproject\MyForm.h(497): warning C4244: 'argument' : conversion from 'double' to 'int', possible loss of data
         MyForm1.cpp
     1>c:\users\user\documents\visual studio 2012\projects\zamafirstproject\zamafirstproject\MyForm.h(497): warning C4244: 'argument' : conversion from 'double' to 'int', possible loss of data
     1>c:\users\user\documents\visual studio 2012\projects\zamafirstproject\zamafirstproject\MyForm2.h(565): warning C4244: 'argument' : conversion from 'double' to 'int', possible loss of data
         MyForm2.cpp
     1>c:\users\user\documents\visual studio 2012\projects\zamafirstproject\zamafirstproject\MyForm2.h(565): warning C4244: 'argument' : conversion from 'double' to 'int', possible loss of data
         main.cpp
     1>c:\users\user\documents\visual studio 2012\projects\zamafirstproject\zamafirstproject\MyForm.h(497): warning C4244: 'argument' : conversion from 'double' to 'int', possible loss of data
     1>c:\users\user\documents\visual studio 2012\projects\zamafirstproject\zamafirstproject\MyForm2.h(565): warning C4244: 'argument' : conversion from 'double' to 'int', possible loss of data
         Generating Code...
     1>c:\users\user\documents\visual studio 2012\projects\zamafirstproject\zamafirstproject\icgpa.h(110): warning C4715: 'improve_cgpa::calculate_minimum_grades_points' : not all control paths return a value
     1>c:\users\user\documents\visual studio 2012\projects\zamafirstproject\zamafirstproject\icgpa.h(110): warning C4715: 'improve_cgpa::calculate_minimum_grades_points' : not all control paths return a value
       Link:
         C:\Program Files (x86)\Microsoft Visual Studio 11.0\VC\bin\link.exe /ERRORREPORT:PROMPT /OUT:"C:\Users\user\Documents\Visual Studio 2012\Projects\zamafirstproject\Release\zamafirstproject.exe" /INCREMENTAL:NO /NOLOGO /ASSEMBLYRESOURCE:Release\zamafirstproject.ImproveCGPA_return.resources /ASSEMBLYRESOURCE:Release\zamafirstproject.MyForm.resources /ASSEMBLYRESOURCE:Release\zamafirstproject.MyForm1.resources /ASSEMBLYRESOURCE:Release\zamafirstproject.MyForm2.resources /ASSEMBLYRESOURCE:Release\zamafirstproject.MyForm3.resources /MANIFEST /MANIFESTUAC:"level='asInvoker' uiAccess='false'" /manifest:embed /DEBUG /PDB:"C:\Users\user\Documents\Visual Studio 2012\Projects\zamafirstproject\Release\zamafirstproject.pdb" /TLBID:1 /DYNAMICBASE /FIXED:NO /NXCOMPAT /MACHINE:X86 /SAFESEH Release\zamafirstproject.res
         Release\CGPA_Return.obj
         Release\improvecgpareturn.obj
         Release\ImproveCGPA_return.obj
         Release\main.obj
         Release\MyForm.obj
         Release\MyForm1.obj
         Release\MyForm2.obj
         Release\MyForm3.obj
         Release\SGPA_Return.obj
         "Release\.NETFramework,Version=v4.5.AssemblyAttributes.obj"
     1>main.obj : error LNK2005: "public: double * __thiscall improve_cgpa::calculate_minimum_grades_points(double,double,double,double * const)" (?calculate_minimum_grades_points@improve_cgpa@@$$FQAEPANNNNQAN@Z) already defined in ImproveCGPA_return.obj
     1>main.obj : error LNK2005: "public: double * __thiscall improve_cgpa::calculate_minimum_grades_points(double,double,double,double * const)" (?calculate_minimum_grades_points@improve_cgpa@@QAEPANNNNQAN@Z) already defined in ImproveCGPA_return.obj
     1>main.obj : error LNK2005: "class improve_cgpa dummyx" (?dummyx@@3Vimprove_cgpa@@A) already defined in ImproveCGPA_return.obj
     1>MyForm.obj : error LNK2005: "public: double __thiscall sgpa::calculate_sgpa(class std::basic_string<char,struct std::char_traits<char>,class std::allocator<char> >,int,class std::basic_string<char,struct std::char_traits<char>,class std::allocator<char> >,int,class std::basic_string<char,struct std::char_traits<char>,class std::allocator<char> >,int,class std::basic_string<char,struct std::char_traits<char>,class std::allocator<char> >,int,class std::basic_string<char,struct std::char_traits<char>,class std::allocator<char> >,int,class std::basic_string<char,struct std::char_traits<char>,class std::allocator<char> >,int,class std::basic_string<char,struct std::char_traits<char>,class std::allocator<char> >,int)" (?calculate_sgpa@sgpa@@$$FQAENV?$basic_string@DU?$char_traits@D@std@@V?$allocator@D@2@@std@@H0H0H0H0H0H0H@Z) already defined in main.obj
     1>MyForm.obj : error LNK2005: "public: double __thiscall sgpa::calculate_sgpa(class std::basic_string<char,struct std::char_traits<char>,class std::allocator<char> >,int,class std::basic_string<char,struct std::char_traits<char>,class std::allocator<char> >,int,class std::basic_string<char,struct std::char_traits<char>,class std::allocator<char> >,int,class std::basic_string<char,struct std::char_traits<char>,class std::allocator<char> >,int,class std::basic_string<char,struct std::char_traits<char>,class std::allocator<char> >,int,class std::basic_string<char,struct std::char_traits<char>,class std::allocator<char> >,int,class std::basic_string<char,struct std::char_traits<char>,class std::allocator<char> >,int)" (?calculate_sgpa@sgpa@@QAENV?$basic_string@DU?$char_traits@D@std@@V?$allocator@D@2@@std@@H0H0H0H0H0H0H@Z) already defined in main.obj
     1>MyForm.obj : error LNK2005: "class sgpa dummy" (?dummy@@3Vsgpa@@A) already defined in main.obj
     1>MyForm.obj : error LNK2005: "double * points" (?points@@3PANA) already defined in main.obj
     1>MyForm.obj : error LNK2005: "double * credithourarray" (?credithourarray@@3PANA) already defined in main.obj
     1>MyForm.obj : error LNK2005: "class std::basic_string<char,struct std::char_traits<char>,class std::allocator<char> > * Grades" (?Grades@@3PAV?$basic_string@DU?$char_traits@D@std@@V?$allocator@D@2@@std@@A) already defined in main.obj
     1>MyForm1.obj : error LNK2005: "public: __thiscall cgpa::cgpa(void)" (??0cgpa@@$$FQAE@XZ) already defined in main.obj
     1>MyForm1.obj : error LNK2005: "public: __thiscall cgpa::cgpa(void)" (??0cgpa@@QAE@XZ) already defined in main.obj
     1>MyForm1.obj : error LNK2005: "public: double __thiscall cgpa::get_cgpa(void)" (?get_cgpa@cgpa@@$$FQAENXZ) already defined in main.obj
     1>MyForm1.obj : error LNK2005: "public: double __thiscall cgpa::get_cgpa(void)" (?get_cgpa@cgpa@@QAENXZ) already defined in main.obj
     1>MyForm1.obj : error LNK2005: "public: double * __thiscall improve_cgpa::calculate_minimum_grades_points(double,double,double,double * const)" (?calculate_minimum_grades_points@improve_cgpa@@$$FQAEPANNNNQAN@Z) already defined in ImproveCGPA_return.obj
     1>MyForm1.obj : error LNK2005: "public: double * __thiscall improve_cgpa::calculate_minimum_grades_points(double,double,double,double * const)" (?calculate_minimum_grades_points@improve_cgpa@@QAEPANNNNQAN@Z) already defined in ImproveCGPA_return.obj
     1>MyForm1.obj : error LNK2005: "public: double __thiscall sgpa::calculate_sgpa(class std::basic_string<char,struct std::char_traits<char>,class std::allocator<char> >,int,class std::basic_string<char,struct std::char_traits<char>,class std::allocator<char> >,int,class std::basic_string<char,struct std::char_traits<char>,class std::allocator<char> >,int,class std::basic_string<char,struct std::char_traits<char>,class std::allocator<char> >,int,class std::basic_string<char,struct std::char_traits<char>,class std::allocator<char> >,int,class std::basic_string<char,struct std::char_traits<char>,class std::allocator<char> >,int,class std::basic_string<char,struct std::char_traits<char>,class std::allocator<char> >,int)" (?calculate_sgpa@sgpa@@$$FQAENV?$basic_string@DU?$char_traits@D@std@@V?$allocator@D@2@@std@@H0H0H0H0H0H0H@Z) already defined in main.obj
     1>MyForm1.obj : error LNK2005: "public: double __thiscall sgpa::calculate_sgpa(class std::basic_string<char,struct std::char_traits<char>,class std::allocator<char> >,int,class std::basic_string<char,struct std::char_traits<char>,class std::allocator<char> >,int,class std::basic_string<char,struct std::char_traits<char>,class std::allocator<char> >,int,class std::basic_string<char,struct std::char_traits<char>,class std::allocator<char> >,int,class std::basic_string<char,struct std::char_traits<char>,class std::allocator<char> >,int,class std::basic_string<char,struct std::char_traits<char>,class std::allocator<char> >,int,class std::basic_string<char,struct std::char_traits<char>,class std::allocator<char> >,int)" (?calculate_sgpa@sgpa@@QAENV?$basic_string@DU?$char_traits@D@std@@V?$allocator@D@2@@std@@H0H0H0H0H0H0H@Z) already defined in main.obj
     1>MyForm1.obj : error LNK2005: "public: double __thiscall cgpa::calculate_gpa(double,int,class std::basic_string<char,struct std::char_traits<char>,class std::allocator<char> >,int,class std::basic_string<char,struct std::char_traits<char>,class std::allocator<char> >,int,class std::basic_string<char,struct std::char_traits<char>,class std::allocator<char> >,int,class std::basic_string<char,struct std::char_traits<char>,class std::allocator<char> >,int,class std::basic_string<char,struct std::char_traits<char>,class std::allocator<char> >,int,class std::basic_string<char,struct std::char_traits<char>,class std::allocator<char> >,int,class std::basic_string<char,struct std::char_traits<char>,class std::allocator<char> >,int)" (?calculate_gpa@cgpa@@$$FQAENNHV?$basic_string@DU?$char_traits@D@std@@V?$allocator@D@2@@std@@H0H0H0H0H0H0H@Z) already defined in main.obj
     1>MyForm1.obj : error LNK2005: "public: double __thiscall cgpa::calculate_gpa(double,int,class std::basic_string<char,struct std::char_traits<char>,class std::allocator<char> >,int,class std::basic_string<char,struct std::char_traits<char>,class std::allocator<char> >,int,class std::basic_string<char,struct std::char_traits<char>,class std::allocator<char> >,int,class std::basic_string<char,struct std::char_traits<char>,class std::allocator<char> >,int,class std::basic_string<char,struct std::char_traits<char>,class std::allocator<char> >,int,class std::basic_string<char,struct std::char_traits<char>,class std::allocator<char> >,int,class std::basic_string<char,struct std::char_traits<char>,class std::allocator<char> >,int)" (?calculate_gpa@cgpa@@QAENNHV?$basic_string@DU?$char_traits@D@std@@V?$allocator@D@2@@std@@H0H0H0H0H0H0H@Z) already defined in main.obj
     1>MyForm1.obj : error LNK2005: "class sgpa dummy" (?dummy@@3Vsgpa@@A) already defined in main.obj
     1>MyForm1.obj : error LNK2005: "double * points" (?points@@3PANA) already defined in main.obj
     1>MyForm1.obj : error LNK2005: "double * credithourarray" (?credithourarray@@3PANA) already defined in main.obj
     1>MyForm1.obj : error LNK2005: "class std::basic_string<char,struct std::char_traits<char>,class std::allocator<char> > * Grades" (?Grades@@3PAV?$basic_string@DU?$char_traits@D@std@@V?$allocator@D@2@@std@@A) already defined in main.obj
     1>MyForm1.obj : error LNK2005: "class cgpa obj1" (?obj1@@3Vcgpa@@A) already defined in main.obj
     1>MyForm1.obj : error LNK2005: "class improve_cgpa dummyx" (?dummyx@@3Vimprove_cgpa@@A) already defined in ImproveCGPA_return.obj
     1>MyForm2.obj : error LNK2005: "public: __thiscall cgpa::cgpa(void)" (??0cgpa@@$$FQAE@XZ) already defined in main.obj
     1>MyForm2.obj : error LNK2005: "public: __thiscall cgpa::cgpa(void)" (??0cgpa@@QAE@XZ) already defined in main.obj
     1>MyForm2.obj : error LNK2005: "public: double __thiscall cgpa::get_cgpa(void)" (?get_cgpa@cgpa@@$$FQAENXZ) already defined in main.obj
     1>MyForm2.obj : error LNK2005: "public: double __thiscall cgpa::get_cgpa(void)" (?get_cgpa@cgpa@@QAENXZ) already defined in main.obj
     1>MyForm2.obj : error LNK2005: "public: double __thiscall sgpa::calculate_sgpa(class std::basic_string<char,struct std::char_traits<char>,class std::allocator<char> >,int,class std::basic_string<char,struct std::char_traits<char>,class std::allocator<char> >,int,class std::basic_string<char,struct std::char_traits<char>,class std::allocator<char> >,int,class std::basic_string<char,struct std::char_traits<char>,class std::allocator<char> >,int,class std::basic_string<char,struct std::char_traits<char>,class std::allocator<char> >,int,class std::basic_string<char,struct std::char_traits<char>,class std::allocator<char> >,int,class std::basic_string<char,struct std::char_traits<char>,class std::allocator<char> >,int)" (?calculate_sgpa@sgpa@@$$FQAENV?$basic_string@DU?$char_traits@D@std@@V?$allocator@D@2@@std@@H0H0H0H0H0H0H@Z) already defined in main.obj
     1>MyForm2.obj : error LNK2005: "public: double __thiscall sgpa::calculate_sgpa(class std::basic_string<char,struct std::char_traits<char>,class std::allocator<char> >,int,class std::basic_string<char,struct std::char_traits<char>,class std::allocator<char> >,int,class std::basic_string<char,struct std::char_traits<char>,class std::allocator<char> >,int,class std::basic_string<char,struct std::char_traits<char>,class std::allocator<char> >,int,class std::basic_string<char,struct std::char_traits<char>,class std::allocator<char> >,int,class std::basic_string<char,struct std::char_traits<char>,class std::allocator<char> >,int,class std::basic_string<char,struct std::char_traits<char>,class std::allocator<char> >,int)" (?calculate_sgpa@sgpa@@QAENV?$basic_string@DU?$char_traits@D@std@@V?$allocator@D@2@@std@@H0H0H0H0H0H0H@Z) already defined in main.obj
     1>MyForm2.obj : error LNK2005: "public: double __thiscall cgpa::calculate_gpa(double,int,class std::basic_string<char,struct std::char_traits<char>,class std::allocator<char> >,int,class std::basic_string<char,struct std::char_traits<char>,class std::allocator<char> >,int,class std::basic_string<char,struct std::char_traits<char>,class std::allocator<char> >,int,class std::basic_string<char,struct std::char_traits<char>,class std::allocator<char> >,int,class std::basic_string<char,struct std::char_traits<char>,class std::allocator<char> >,int,class std::basic_string<char,struct std::char_traits<char>,class std::allocator<char> >,int,class std::basic_string<char,struct std::char_traits<char>,class std::allocator<char> >,int)" (?calculate_gpa@cgpa@@$$FQAENNHV?$basic_string@DU?$char_traits@D@std@@V?$allocator@D@2@@std@@H0H0H0H0H0H0H@Z) already defined in main.obj
     1>MyForm2.obj : error LNK2005: "public: double __thiscall cgpa::calculate_gpa(double,int,class std::basic_string<char,struct std::char_traits<char>,class std::allocator<char> >,int,class std::basic_string<char,struct std::char_traits<char>,class std::allocator<char> >,int,class std::basic_string<char,struct std::char_traits<char>,class std::allocator<char> >,int,class std::basic_string<char,struct std::char_traits<char>,class std::allocator<char> >,int,class std::basic_string<char,struct std::char_traits<char>,class std::allocator<char> >,int,class std::basic_string<char,struct std::char_traits<char>,class std::allocator<char> >,int,class std::basic_string<char,struct std::char_traits<char>,class std::allocator<char> >,int)" (?calculate_gpa@cgpa@@QAENNHV?$basic_string@DU?$char_traits@D@std@@V?$allocator@D@2@@std@@H0H0H0H0H0H0H@Z) already defined in main.obj
     1>MyForm2.obj : error LNK2005: "class sgpa dummy" (?dummy@@3Vsgpa@@A) already defined in main.obj
     1>MyForm2.obj : error LNK2005: "double * points" (?points@@3PANA) already defined in main.obj
     1>MyForm2.obj : error LNK2005: "double * credithourarray" (?credithourarray@@3PANA) already defined in main.obj
     1>MyForm2.obj : error LNK2005: "class std::basic_string<char,struct std::char_traits<char>,class std::allocator<char> > * Grades" (?Grades@@3PAV?$basic_string@DU?$char_traits@D@std@@V?$allocator@D@2@@std@@A) already defined in main.obj
     1>MyForm2.obj : error LNK2005: "class cgpa obj1" (?obj1@@3Vcgpa@@A) already defined in main.obj
     1>MyForm3.obj : error LNK2005: "public: double * __thiscall improve_cgpa::calculate_minimum_grades_points(double,double,double,double * const)" (?calculate_minimum_grades_points@improve_cgpa@@$$FQAEPANNNNQAN@Z) already defined in ImproveCGPA_return.obj
     1>MyForm3.obj : error LNK2005: "public: double * __thiscall improve_cgpa::calculate_minimum_grades_points(double,double,double,double * const)" (?calculate_minimum_grades_points@improve_cgpa@@QAEPANNNNQAN@Z) already defined in ImproveCGPA_return.obj
     1>MyForm3.obj : error LNK2005: "class improve_cgpa dummyx" (?dummyx@@3Vimprove_cgpa@@A) already defined in ImproveCGPA_return.obj
     1>C:\Users\user\Documents\Visual Studio 2012\Projects\zamafirstproject\Release\zamafirstproject.exe : fatal error LNK1169: one or more multiply defined symbols found
     1>Done Building Project "C:\Users\user\Documents\Visual Studio 2012\Projects\zamafirstproject\zamafirstproject\zamafirstproject.vcxproj" (Build target(s)) -- FAILED.

Build FAILED.

Time Elapsed 00:00:13.14
